<?xml version="1.0" encoding="UTF-8"?>
<!-- Generated by org.testng.reporters.JUnitReportReporter -->
<testsuite skipped="0" hostname="ITSOFT-11" name="com.test.logintestcheckit" tests="1" failures="0" timestamp="24 Jun 2024 05:25:33 GMT" time="10.179" errors="0">
  <testcase name="checkloginpage1" time="10.179" classname="com.test.logintestcheckit"/>
</testsuite> <!-- com.test.logintestcheckit -->
